Exporter version: 3.3.1, Blender version: 3.6.1
========= Conversion from Blender to Babylon.js =========
	Scene settings used :
		Inline textures     :  false
		Material Type       :  PBR
		Positions Precision :  4
		Normals Precision   :  3
		UVs Precision       :  3
		Vert Color Precision:  3
		Mat Weight Precision:  2
		Keep Z-up r-handed  :  no
		Texture directory   :  C:\Work\Projects_2024\Portfolio_Website_Oct2024\babylon\
	Python World class constructor completed
	WARNING: No active camera has been assigned, or is not in a currently enabled collection
	processing begun of mesh:  wall
		processing begun of material:  idek
		Custom split normals with tangents being used
		num positions      :  580
		num normals        :  580
		num tangents       :  2320
		num uvs            :  1160
		num uvs2           :  0
		num colors         :  0
		num triangles      :  572
========= Writing of JSON file started =========
	writing mesh:  wall
========= Writing of JSON file completed =========
========= end of processing =========
elapsed time:  0 min, 0.072 secs
