Exporter version: 3.3.1, Blender version: 3.6.1
========= Conversion from Blender to Babylon.js =========
	Scene settings used :
		Inline textures     :  false
		Material Type       :  PBR
		Positions Precision :  4
		Normals Precision   :  3
		UVs Precision       :  3
		Vert Color Precision:  3
		Mat Weight Precision:  2
		Keep Z-up r-handed  :  no
		Texture directory   :  C:\Work\Projects_2024\Portfolio_Website_Oct2024\babylon\
	Python World class constructor completed
	WARNING: No active camera has been assigned, or is not in a currently enabled collection
	processing begun of mesh:  text
		processing begun of material:  text_main.001
		num positions      :  6538
		num normals        :  6538
		num tangents       :  0
		num uvs            :  0
		num uvs2           :  0
		num colors         :  0
		num triangles      :  6517
		WARNING: # of 0 area faces found:  1
	processing begun of mesh:  text.002
		processing begun of material:  text_main.001
		registered as also a user of material:  text_main.001
		num positions      :  9700
		num normals        :  9700
		num tangents       :  0
		num uvs            :  0
		num uvs2           :  0
		num colors         :  0
		num triangles      :  9656
		WARNING: # of 0 area faces found:  1
	processing begun of mesh:  text.003
		processing begun of material:  text_main.001
		registered as also a user of material:  text_main.001
		num positions      :  2007
		num normals        :  2007
		num tangents       :  0
		num uvs            :  0
		num uvs2           :  0
		num colors         :  0
		num triangles      :  1997
		WARNING: # of 0 area faces found:  4
	processing begun of mesh:  text.004
		processing begun of material:  text_main.001
		registered as also a user of material:  text_main.001
		num positions      :  54016
		num normals        :  54016
		num tangents       :  0
		num uvs            :  0
		num uvs2           :  0
		num colors         :  0
		num triangles      :  53779
		WARNING: # of 0 area faces found:  1
	processing begun of mesh:  text.005
		processing begun of material:  text_main.001
		registered as also a user of material:  text_main.001
		num positions      :  71636
		num normals        :  71636
		num tangents       :  0
		num uvs            :  0
		num uvs2           :  0
		num colors         :  0
		num triangles      :  71360
		WARNING: # of 0 area faces found:  12
	processing begun of mesh:  text.006
		processing begun of material:  text_main.001
		registered as also a user of material:  text_main.001
		num positions      :  6691
		num normals        :  6691
		num tangents       :  0
		num uvs            :  0
		num uvs2           :  0
		num colors         :  0
		num triangles      :  6677
		WARNING: # of 0 area faces found:  4
	processing begun of mesh:  Plane.001
		processing begun of material:  Shelves
		Custom split normals with tangents being used
		num positions      :  271
		num normals        :  271
		num tangents       :  1084
		num uvs            :  542
		num uvs2           :  0
		num colors         :  0
		num triangles      :  108
	processing begun of mesh:  Plane.002
		processing begun of material:  Shelves
		registered as also a user of material:  Shelves
		Custom split normals with tangents being used
		num positions      :  271
		num normals        :  271
		num tangents       :  1084
		num uvs            :  542
		num uvs2           :  0
		num colors         :  0
		num triangles      :  108
	processing begun of mesh:  img_plane_0
		processing begun of material:  mat_image1.png
			processing texture image1
		num positions      :  4
		num normals        :  4
		num tangents       :  0
		num uvs            :  8
		num uvs2           :  0
		num colors         :  0
		num triangles      :  2
	processing begun of mesh:  img_frame
		processing begun of material:  Grey
		processing begun of material:  White
		processing begun of multimaterial:  procedural_systems.Multimaterial#0
		Custom split normals with tangents being used
		num positions      :  172
		num normals        :  172
		num tangents       :  688
		num uvs            :  344
		num uvs2           :  0
		num colors         :  0
		num triangles      :  84
	processing begun of mesh:  img_plane_1
		processing begun of material:  mat_image10.png
			processing texture image10
		num positions      :  4
		num normals        :  4
		num tangents       :  0
		num uvs            :  8
		num uvs2           :  0
		num colors         :  0
		num triangles      :  2
	processing begun of mesh:  img_frame.001
		processing begun of material:  Grey
		processing begun of material:  White
		registered as also a user of material:  Grey
		registered as also a user of material:  White
		processing begun of multimaterial:  procedural_systems.Multimaterial#1
		Custom split normals with tangents being used
		num positions      :  172
		num normals        :  172
		num tangents       :  688
		num uvs            :  344
		num uvs2           :  0
		num colors         :  0
		num triangles      :  84
	processing begun of mesh:  img_plane_2
		processing begun of material:  mat_image11.png
			processing texture image11
		num positions      :  4
		num normals        :  4
		num tangents       :  0
		num uvs            :  8
		num uvs2           :  0
		num colors         :  0
		num triangles      :  2
	processing begun of mesh:  img_frame.002
		processing begun of material:  Grey
		processing begun of material:  White
		registered as also a user of material:  Grey
		registered as also a user of material:  White
		processing begun of multimaterial:  procedural_systems.Multimaterial#2
		Custom split normals with tangents being used
		num positions      :  172
		num normals        :  172
		num tangents       :  688
		num uvs            :  344
		num uvs2           :  0
		num colors         :  0
		num triangles      :  84
	processing begun of mesh:  img_plane_3
		processing begun of material:  mat_image2.png
			processing texture image2
		num positions      :  4
		num normals        :  4
		num tangents       :  0
		num uvs            :  8
		num uvs2           :  0
		num colors         :  0
		num triangles      :  2
	processing begun of mesh:  img_frame.003
		processing begun of material:  Grey
		processing begun of material:  White
		registered as also a user of material:  Grey
		registered as also a user of material:  White
		processing begun of multimaterial:  procedural_systems.Multimaterial#3
		Custom split normals with tangents being used
		num positions      :  172
		num normals        :  172
		num tangents       :  688
		num uvs            :  344
		num uvs2           :  0
		num colors         :  0
		num triangles      :  84
	processing begun of mesh:  img_plane_4
		processing begun of material:  mat_image3.png
			processing texture image3
		num positions      :  4
		num normals        :  4
		num tangents       :  0
		num uvs            :  8
		num uvs2           :  0
		num colors         :  0
		num triangles      :  2
	processing begun of mesh:  img_frame.004
		processing begun of material:  Grey
		processing begun of material:  White
		registered as also a user of material:  Grey
		registered as also a user of material:  White
		processing begun of multimaterial:  procedural_systems.Multimaterial#4
		Custom split normals with tangents being used
		num positions      :  172
		num normals        :  172
		num tangents       :  688
		num uvs            :  344
		num uvs2           :  0
		num colors         :  0
		num triangles      :  84
	processing begun of mesh:  img_plane_5
		processing begun of material:  mat_image4.png
			processing texture image4
		num positions      :  4
		num normals        :  4
		num tangents       :  0
		num uvs            :  8
		num uvs2           :  0
		num colors         :  0
		num triangles      :  2
	processing begun of mesh:  img_frame.005
		processing begun of material:  Grey
		processing begun of material:  White
		registered as also a user of material:  Grey
		registered as also a user of material:  White
		processing begun of multimaterial:  procedural_systems.Multimaterial#5
		Custom split normals with tangents being used
		num positions      :  172
		num normals        :  172
		num tangents       :  688
		num uvs            :  344
		num uvs2           :  0
		num colors         :  0
		num triangles      :  84
	processing begun of mesh:  img_plane_6
		processing begun of material:  mat_image5.png
			processing texture image5
		num positions      :  4
		num normals        :  4
		num tangents       :  0
		num uvs            :  8
		num uvs2           :  0
		num colors         :  0
		num triangles      :  2
	processing begun of mesh:  img_frame.006
		processing begun of material:  Grey
		processing begun of material:  White
		registered as also a user of material:  Grey
		registered as also a user of material:  White
		processing begun of multimaterial:  procedural_systems.Multimaterial#6
		Custom split normals with tangents being used
		num positions      :  172
		num normals        :  172
		num tangents       :  688
		num uvs            :  344
		num uvs2           :  0
		num colors         :  0
		num triangles      :  84
	processing begun of mesh:  img_plane_7
		processing begun of material:  mat_image6.png
			processing texture image6
		num positions      :  4
		num normals        :  4
		num tangents       :  0
		num uvs            :  8
		num uvs2           :  0
		num colors         :  0
		num triangles      :  2
	processing begun of mesh:  img_frame.007
		processing begun of material:  Grey
		processing begun of material:  White
		registered as also a user of material:  Grey
		registered as also a user of material:  White
		processing begun of multimaterial:  procedural_systems.Multimaterial#7
		Custom split normals with tangents being used
		num positions      :  172
		num normals        :  172
		num tangents       :  688
		num uvs            :  344
		num uvs2           :  0
		num colors         :  0
		num triangles      :  84
	processing begun of mesh:  img_plane_8
		processing begun of material:  mat_image7.png
			processing texture image7
		num positions      :  4
		num normals        :  4
		num tangents       :  0
		num uvs            :  8
		num uvs2           :  0
		num colors         :  0
		num triangles      :  2
	processing begun of mesh:  img_frame.008
		processing begun of material:  Grey
		processing begun of material:  White
		registered as also a user of material:  Grey
		registered as also a user of material:  White
		processing begun of multimaterial:  procedural_systems.Multimaterial#8
		Custom split normals with tangents being used
		num positions      :  172
		num normals        :  172
		num tangents       :  688
		num uvs            :  344
		num uvs2           :  0
		num colors         :  0
		num triangles      :  84
	processing begun of mesh:  img_plane_9
		processing begun of material:  mat_image8.png
			processing texture image8
		num positions      :  4
		num normals        :  4
		num tangents       :  0
		num uvs            :  8
		num uvs2           :  0
		num colors         :  0
		num triangles      :  2
	processing begun of mesh:  img_frame.009
		processing begun of material:  Grey
		processing begun of material:  White
		registered as also a user of material:  Grey
		registered as also a user of material:  White
		processing begun of multimaterial:  procedural_systems.Multimaterial#9
		Custom split normals with tangents being used
		num positions      :  172
		num normals        :  172
		num tangents       :  688
		num uvs            :  344
		num uvs2           :  0
		num colors         :  0
		num triangles      :  84
	processing begun of mesh:  img_plane_10
		processing begun of material:  mat_image9.png
			processing texture image9
		num positions      :  4
		num normals        :  4
		num tangents       :  0
		num uvs            :  8
		num uvs2           :  0
		num colors         :  0
		num triangles      :  2
	processing begun of mesh:  img_frame.010
		processing begun of material:  Grey
		processing begun of material:  White
		registered as also a user of material:  Grey
		registered as also a user of material:  White
		processing begun of multimaterial:  procedural_systems.Multimaterial#10
		Custom split normals with tangents being used
		num positions      :  172
		num normals        :  172
		num tangents       :  688
		num uvs            :  344
		num uvs2           :  0
		num colors         :  0
		num triangles      :  84
	processing begun of mesh:  traffic_sim_tv
		processing begun of material:  Videos
		num positions      :  4
		num normals        :  4
		num tangents       :  0
		num uvs            :  8
		num uvs2           :  0
		num colors         :  0
		num triangles      :  2
	processing begun of mesh:  ufos_tv
		processing begun of material:  Videos
		registered as also a user of material:  Videos
		num positions      :  4
		num normals        :  4
		num tangents       :  0
		num uvs            :  8
		num uvs2           :  0
		num colors         :  0
		num triangles      :  2
	processing begun of mesh:  Cube_csharp.001
		processing begun of material:  csharp
			processing texture csharp_tex
		Custom split normals with tangents being used
		num positions      :  216
		num normals        :  216
		num tangents       :  864
		num uvs            :  432
		num uvs2           :  0
		num colors         :  0
		num triangles      :  188
	processing begun of mesh:  Cube_unity.001
		processing begun of material:  unity
			WARNING: unsupported node type(ShaderNodeBump) will trigger baking
			processing texture unity_tex
			processing texture unity_tex
			bake time:  0 min, 0.0051 secs
		Custom split normals with tangents being used
		num positions      :  216
		num normals        :  216
		num tangents       :  864
		num uvs            :  432
		num uvs2           :  0
		num colors         :  0
		num triangles      :  188
	processing begun of mesh:  Cube_csharp.002
		processing begun of material:  csharp
		registered as also a user of material:  csharp
		Custom split normals with tangents being used
		num positions      :  216
		num normals        :  216
		num tangents       :  864
		num uvs            :  432
		num uvs2           :  0
		num colors         :  0
		num triangles      :  188
	processing begun of mesh:  Cube_unity.002
		processing begun of material:  unity
			WARNING: unsupported node type(ShaderNodeBump) will trigger baking
			processing texture unity_tex
			processing texture unity_tex
			bake time:  0 min, 0.0025 secs
		Custom split normals with tangents being used
		num positions      :  216
		num normals        :  216
		num tangents       :  864
		num uvs            :  432
		num uvs2           :  0
		num colors         :  0
		num triangles      :  188
	processing begun of mesh:  Plane
		processing begun of material:  White.001
		Custom split normals with tangents being used
		num positions      :  286
		num normals        :  286
		num tangents       :  1144
		num uvs            :  572
		num uvs2           :  0
		num colors         :  0
		num triangles      :  188
========= Writing of JSON file started =========
	writing mesh:  text
	writing mesh:  text.002
	writing mesh:  text.003
	writing mesh:  text.004
	writing mesh:  text.005
	writing mesh:  text.006
	writing mesh:  Plane.001
	writing mesh:  Plane.002
	writing mesh:  img_plane_0
	writing mesh:  img_frame
	writing mesh:  img_plane_1
	writing mesh:  img_frame.001
	writing mesh:  img_plane_2
	writing mesh:  img_frame.002
	writing mesh:  img_plane_3
	writing mesh:  img_frame.003
	writing mesh:  img_plane_4
	writing mesh:  img_frame.004
	writing mesh:  img_plane_5
	writing mesh:  img_frame.005
	writing mesh:  img_plane_6
	writing mesh:  img_frame.006
	writing mesh:  img_plane_7
	writing mesh:  img_frame.007
	writing mesh:  img_plane_8
	writing mesh:  img_frame.008
	writing mesh:  img_plane_9
	writing mesh:  img_frame.009
	writing mesh:  img_plane_10
	writing mesh:  img_frame.010
	writing mesh:  traffic_sim_tv
	writing mesh:  ufos_tv
	writing mesh:  Cube_csharp.001
	writing mesh:  Cube_unity.001
	writing mesh:  Cube_csharp.002
	writing mesh:  Cube_unity.002
	writing mesh:  Plane
========= Writing of JSON file completed =========
========= end of processing =========
elapsed time:  0 min, 7.3211 secs
